<?xml version="1.0" encoding="UTF-8"?>
<!-- Generated by org.testng.reporters.JUnitReportReporter -->
<testsuite hostname="LAPTOP-BH0R2RQE" failures="0" tests="1" name="webDriverTestNG.HomePageTest" time="10.991" errors="0" timestamp="14 Aug 2022 05:59:13 GMT" skipped="0">
  <testcase classname="webDriverTestNG.HomePageTest" name="Test1" time="10.991"/>
</testsuite> <!-- webDriverTestNG.HomePageTest -->
