<?xml version="1.0" encoding="UTF-8"?>
<!-- Generated by org.testng.reporters.JUnitReportReporter -->
<testsuite hostname="LAPTOP-BH0R2RQE" failures="0" tests="1" name="webDriverTestNG.SimpliLearnLogin" time="9.927" errors="0" timestamp="14 Aug 2022 05:19:18 GMT" skipped="0">
  <testcase classname="webDriverTestNG.SimpliLearnLogin" name="NegativeTest" time="9.927"/>
</testsuite> <!-- webDriverTestNG.SimpliLearnLogin -->
