<?xml version="1.0" encoding="UTF-8"?>
<!-- Generated by org.testng.reporters.JUnitReportReporter -->
<testsuite hostname="LAPTOP-BH0R2RQE" failures="0" tests="1" name="testNG.LoanTest" time="0.011" errors="0" timestamp="13 Aug 2022 15:09:54 GMT" skipped="0">
  <testcase classname="testNG.LoanTest" name="personalLoanTest1" time="0.011"/>
</testsuite> <!-- testNG.LoanTest -->
