<?xml version="1.0" encoding="UTF-8"?>
<!-- Generated by org.testng.reporters.JUnitReportReporter -->
<testsuite hostname="LAPTOP-BH0R2RQE" failures="0" tests="3" name="testNG.AccountTest" time="0.013" errors="0" timestamp="13 Aug 2022 15:18:18 GMT" skipped="0">
  <testcase classname="testNG.AccountTest" name="SavingAccountTest2" time="0.009"/>
  <testcase classname="testNG.AccountTest" name="SavingAccountTest1" time="0.002"/>
  <testcase classname="testNG.AccountTest" name="CheckingAccountTest1" time="0.002"/>
</testsuite> <!-- testNG.AccountTest -->
