<?xml version="1.0" encoding="UTF-8"?>
<!-- Generated by org.testng.reporters.JUnitReportReporter -->
<testsuite hostname="LAPTOP-BH0R2RQE" failures="0" tests="1" name="webDriverTestNG.SimpliLearnLoginTest" time="13.394" errors="0" timestamp="14 Aug 2022 14:32:27 GMT" skipped="0">
  <testcase classname="webDriverTestNG.SimpliLearnLoginTest" name="NegativeTest" time="13.394"/>
</testsuite> <!-- webDriverTestNG.SimpliLearnLoginTest -->
