<?xml version="1.0" encoding="UTF-8"?>
<!-- Generated by org.testng.reporters.JUnitReportReporter -->
<testsuite hostname="LAPTOP-BH0R2RQE" failures="0" tests="1" name="webDriverTestNG.HomePageTest" time="9.570" errors="0" timestamp="14 Aug 2022 14:32:26 GMT" skipped="0">
  <testcase classname="webDriverTestNG.HomePageTest" name="Test1" time="9.570"/>
</testsuite> <!-- webDriverTestNG.HomePageTest -->
